1646207552529	geckodriver	INFO	Listening on 127.0.0.1:42097
1646207552536	mozrunner::runner	INFO	Running command: "/usr/bin/firefox" "--marionette" "--remote-debugging-port" "52877" "-no-remote" "-profile" "/tmp/rust_mozprofilexA1Ukd"
ATTENTION: default value of option mesa_glthread overridden by environment.
ATTENTION: default value of option mesa_glthread overridden by environment.
ATTENTION: default value of option mesa_glthread overridden by environment.
ATTENTION: default value of option mesa_glthread overridden by environment.
1646207553267	Marionette	INFO	Marionette enabled
console.warn: SearchSettings: "get: No settings file exists, new profile?" (new NotFoundError("Could not open the file at /tmp/rust_mozprofilexA1Ukd/search.json.mozlz4", (void 0)))
DevTools listening on ws://localhost:52877/devtools/browser/d96b21bf-e9fd-4b2b-ae9d-0afc42261a58
1646207554433	Marionette	INFO	Listening on port 33977
1646207554459	RemoteAgent	WARN	TLS certificate errors will be ignored for this session
1646207623024	geckodriver	INFO	Listening on 127.0.0.1:46197
1646207623029	mozrunner::runner	INFO	Running command: "/usr/bin/firefox" "--marionette" "--remote-debugging-port" "44841" "-no-remote" "-profile" "/tmp/rust_mozprofile84Ztq8"
ATTENTION: default value of option mesa_glthread overridden by environment.
ATTENTION: default value of option mesa_glthread overridden by environment.
ATTENTION: default value of option mesa_glthread overridden by environment.
ATTENTION: default value of option mesa_glthread overridden by environment.
1646207623819	Marionette	INFO	Marionette enabled
console.warn: SearchSettings: "get: No settings file exists, new profile?" (new NotFoundError("Could not open the file at /tmp/rust_mozprofile84Ztq8/search.json.mozlz4", (void 0)))
DevTools listening on ws://localhost:44841/devtools/browser/12fa0386-0067-4ec0-ba04-c8347041bdeb
1646207624926	Marionette	INFO	Listening on port 33085
1646207624952	RemoteAgent	WARN	TLS certificate errors will be ignored for this session
1646207698223	geckodriver	INFO	Listening on 127.0.0.1:53553
1646207698228	mozrunner::runner	INFO	Running command: "/usr/bin/firefox" "--marionette" "--remote-debugging-port" "41467" "-no-remote" "-profile" "/tmp/rust_mozprofilebikQTH"
ATTENTION: default value of option mesa_glthread overridden by environment.
ATTENTION: default value of option mesa_glthread overridden by environment.
ATTENTION: default value of option mesa_glthread overridden by environment.
ATTENTION: default value of option mesa_glthread overridden by environment.
1646207698982	Marionette	INFO	Marionette enabled
console.warn: SearchSettings: "get: No settings file exists, new profile?" (new NotFoundError("Could not open the file at /tmp/rust_mozprofilebikQTH/search.json.mozlz4", (void 0)))
DevTools listening on ws://localhost:41467/devtools/browser/d7ec581b-4ddb-470a-bdf0-f4ffd41da629
1646207700065	Marionette	INFO	Listening on port 46657
1646207700156	RemoteAgent	WARN	TLS certificate errors will be ignored for this session
console.error: (new TypeError("parent is null", "resource://devtools/client/inspector/shared/style-change-tracker.js", 67))
TypeError: parent is null: canMutationImpactCurrentStyles@resource://devtools/client/inspector/shared/style-change-tracker.js:67:24
onMutations@resource://devtools/client/inspector/shared/style-change-tracker.js:84:41
_emit@resource://devtools/shared/event-emitter.js:244:34
emit@resource://devtools/shared/event-emitter.js:190:18
emit@resource://devtools/shared/event-emitter.js:342:18
getMutations@resource://devtools/client/fronts/walker.js:311:10

console.error: "Error writing response to: getApplied"
console.error: "Error while calling actor 'pagestyle's method 'getApplied'" "Attempted to write a response containing a destroyed actor"
console.error: (new Error("Attempted to write a response containing a destroyed actor", "resource://devtools/shared/protocol/types.js", 355))
ATTENTION: default value of option mesa_glthread overridden by environment.
JavaScript warning: https://client-api.arkoselabs.com/cdn/fc/js/b3931db6b9ae5c838421b3ac1f7a72e891a04a56/standard/funcaptcha_api.js, line 2: WEBGL_debug_renderer_info is deprecated in Firefox and will be removed. Please use RENDERER.
JavaScript error: resource://gre/modules/AsyncShutdown.jsm, line 575: NotFoundError: No such JSWindowActor 'DevToolsFrame'
JavaScript error: resource://gre/modules/AsyncShutdown.jsm, line 575: NotFoundError: No such JSWindowActor 'DevToolsFrame'
1646207748139	Marionette	INFO	Stopped listening on port 46657

###!!! [Parent][PImageBridgeParent] Error: RunMessage(msgname=PImageBridge::Msg_WillClose) Channel closing: too late to send/recv, messages will be lost

1646207760329	geckodriver	INFO	Listening on 127.0.0.1:39007
1646207760334	mozrunner::runner	INFO	Running command: "/usr/bin/firefox" "--marionette" "--remote-debugging-port" "43513" "-no-remote" "-profile" "/tmp/rust_mozprofileMzQFl2"
ATTENTION: default value of option mesa_glthread overridden by environment.
ATTENTION: default value of option mesa_glthread overridden by environment.
ATTENTION: default value of option mesa_glthread overridden by environment.
ATTENTION: default value of option mesa_glthread overridden by environment.
1646207761090	Marionette	INFO	Marionette enabled
console.warn: SearchSettings: "get: No settings file exists, new profile?" (new NotFoundError("Could not open the file at /tmp/rust_mozprofileMzQFl2/search.json.mozlz4", (void 0)))
DevTools listening on ws://localhost:43513/devtools/browser/2ca0d9b5-80e1-4584-af47-e7e452debea3
1646207762395	Marionette	INFO	Listening on port 39417
1646207762465	RemoteAgent	WARN	TLS certificate errors will be ignored for this session
1646207813558	geckodriver	INFO	Listening on 127.0.0.1:44461
1646207813563	mozrunner::runner	INFO	Running command: "/usr/bin/firefox" "--marionette" "--remote-debugging-port" "55869" "-no-remote" "-profile" "/tmp/rust_mozprofile1Dfqw5"
ATTENTION: default value of option mesa_glthread overridden by environment.
ATTENTION: default value of option mesa_glthread overridden by environment.
ATTENTION: default value of option mesa_glthread overridden by environment.
ATTENTION: default value of option mesa_glthread overridden by environment.
1646207814308	Marionette	INFO	Marionette enabled
console.warn: SearchSettings: "get: No settings file exists, new profile?" (new NotFoundError("Could not open the file at /tmp/rust_mozprofile1Dfqw5/search.json.mozlz4", (void 0)))
DevTools listening on ws://localhost:55869/devtools/browser/42376a38-1d44-4db8-9189-d5dcc3e79cfe
1646207815421	Marionette	INFO	Listening on port 45085
1646207815492	RemoteAgent	WARN	TLS certificate errors will be ignored for this session
1646207842025	Marionette	INFO	Stopped listening on port 45085
console.warn: TopSitesFeed: Failed to fetch data from Contile server: NetworkError when attempting to fetch resource.

###!!! [Parent][PImageBridgeParent] Error: RunMessage(msgname=PImageBridge::Msg_WillClose) Channel closing: too late to send/recv, messages will be lost

JavaScript error: resource://gre/modules/AsyncShutdown.jsm, line 575: NotFoundError: No such JSWindowActor 'DevToolsFrame'
JavaScript error: resource://gre/modules/AsyncShutdown.jsm, line 575: NotFoundError: No such JSWindowActor 'DevToolsFrame'
1646207845857	Marionette	INFO	Stopped listening on port 39417

###!!! [Parent][PImageBridgeParent] Error: RunMessage(msgname=PImageBridge::Msg_WillClose) Channel closing: too late to send/recv, messages will be lost

JavaScript error: resource://gre/modules/AsyncShutdown.jsm, line 575: NotFoundError: No such JSWindowActor 'DevToolsFrame'
1646207848245	Marionette	INFO	Stopped listening on port 33977

###!!! [Parent][PImageBridgeParent] Error: RunMessage(msgname=PImageBridge::Msg_WillClose) Channel closing: too late to send/recv, messages will be lost

JavaScript error: resource://gre/modules/AsyncShutdown.jsm, line 575: NotFoundError: No such JSWindowActor 'DevToolsFrame'
JavaScript error: resource://gre/modules/AsyncShutdown.jsm, line 575: NotFoundError: No such JSWindowActor 'DevToolsFrame'
1646207852471	Marionette	INFO	Stopped listening on port 33085
console.warn: TopSitesFeed: Failed to fetch data from Contile server: NetworkError when attempting to fetch resource.
1646207856561	geckodriver	INFO	Listening on 127.0.0.1:41351
1646207856566	mozrunner::runner	INFO	Running command: "/usr/bin/firefox" "--marionette" "--remote-debugging-port" "51291" "-no-remote" "-profile" "/tmp/rust_mozprofilevtx3jO"
ATTENTION: default value of option mesa_glthread overridden by environment.
ATTENTION: default value of option mesa_glthread overridden by environment.
ATTENTION: default value of option mesa_glthread overridden by environment.
ATTENTION: default value of option mesa_glthread overridden by environment.
1646207857331	Marionette	INFO	Marionette enabled
console.warn: SearchSettings: "get: No settings file exists, new profile?" (new NotFoundError("Could not open the file at /tmp/rust_mozprofilevtx3jO/search.json.mozlz4", (void 0)))
DevTools listening on ws://localhost:51291/devtools/browser/1d7f0897-81d8-4c98-a72f-70eb0e8d39f6
1646207858542	Marionette	INFO	Listening on port 46181
1646207858592	RemoteAgent	WARN	TLS certificate errors will be ignored for this session
ATTENTION: default value of option mesa_glthread overridden by environment.
JavaScript warning: https://client-api.arkoselabs.com/cdn/fc/js/b3931db6b9ae5c838421b3ac1f7a72e891a04a56/standard/funcaptcha_api.js, line 2: WEBGL_debug_renderer_info is deprecated in Firefox and will be removed. Please use RENDERER.
1646207948354	geckodriver	INFO	Listening on 127.0.0.1:57409
1646207948359	mozrunner::runner	INFO	Running command: "/usr/bin/firefox" "--marionette" "--remote-debugging-port" "50765" "-no-remote" "-profile" "/tmp/rust_mozprofilehmJjGZ"
ATTENTION: default value of option mesa_glthread overridden by environment.
ATTENTION: default value of option mesa_glthread overridden by environment.
ATTENTION: default value of option mesa_glthread overridden by environment.
ATTENTION: default value of option mesa_glthread overridden by environment.
1646207949124	Marionette	INFO	Marionette enabled
console.warn: SearchSettings: "get: No settings file exists, new profile?" (new NotFoundError("Could not open the file at /tmp/rust_mozprofilehmJjGZ/search.json.mozlz4", (void 0)))
DevTools listening on ws://localhost:50765/devtools/browser/dda695b3-a07e-4f4d-8404-a8163f1f194f
1646207950416	Marionette	INFO	Listening on port 33509
1646207950487	RemoteAgent	WARN	TLS certificate errors will be ignored for this session
ATTENTION: default value of option mesa_glthread overridden by environment.
JavaScript warning: https://client-api.arkoselabs.com/cdn/fc/js/b3931db6b9ae5c838421b3ac1f7a72e891a04a56/standard/funcaptcha_api.js, line 2: WEBGL_debug_renderer_info is deprecated in Firefox and will be removed. Please use RENDERER.
1646207980617	Marionette	INFO	Stopped listening on port 33509
console.warn: TopSitesFeed: Failed to fetch data from Contile server: NetworkError when attempting to fetch resource.

###!!! [Parent][PImageBridgeParent] Error: RunMessage(msgname=PImageBridge::Msg_WillClose) Channel closing: too late to send/recv, messages will be lost

1646207987998	geckodriver	INFO	Listening on 127.0.0.1:33321
1646207988002	mozrunner::runner	INFO	Running command: "/usr/bin/firefox" "--marionette" "--remote-debugging-port" "45147" "-no-remote" "-profile" "/tmp/rust_mozprofilee7AvPP"
ATTENTION: default value of option mesa_glthread overridden by environment.
ATTENTION: default value of option mesa_glthread overridden by environment.
ATTENTION: default value of option mesa_glthread overridden by environment.
ATTENTION: default value of option mesa_glthread overridden by environment.
1646207988790	Marionette	INFO	Marionette enabled
console.warn: SearchSettings: "get: No settings file exists, new profile?" (new NotFoundError("Could not open the file at /tmp/rust_mozprofilee7AvPP/search.json.mozlz4", (void 0)))
DevTools listening on ws://localhost:45147/devtools/browser/c14aba00-ee63-4fbf-af5c-f466cd76fcbf
1646207990029	Marionette	INFO	Listening on port 34463
1646207990149	RemoteAgent	WARN	TLS certificate errors will be ignored for this session
ATTENTION: default value of option mesa_glthread overridden by environment.
JavaScript warning: https://client-api.arkoselabs.com/cdn/fc/js/b3931db6b9ae5c838421b3ac1f7a72e891a04a56/standard/funcaptcha_api.js, line 2: WEBGL_debug_renderer_info is deprecated in Firefox and will be removed. Please use RENDERER.
1646208031705	geckodriver	INFO	Listening on 127.0.0.1:48833
1646208031709	mozrunner::runner	INFO	Running command: "/usr/bin/firefox" "--marionette" "--remote-debugging-port" "54659" "-no-remote" "-profile" "/tmp/rust_mozprofilenzvtdS"
ATTENTION: default value of option mesa_glthread overridden by environment.
ATTENTION: default value of option mesa_glthread overridden by environment.
ATTENTION: default value of option mesa_glthread overridden by environment.
ATTENTION: default value of option mesa_glthread overridden by environment.
1646208032488	Marionette	INFO	Marionette enabled
console.warn: SearchSettings: "get: No settings file exists, new profile?" (new NotFoundError("Could not open the file at /tmp/rust_mozprofilenzvtdS/search.json.mozlz4", (void 0)))
DevTools listening on ws://localhost:54659/devtools/browser/82692288-9036-4dcc-a615-b0b00655fb1e
1646208033665	Marionette	INFO	Listening on port 41521
1646208033738	RemoteAgent	WARN	TLS certificate errors will be ignored for this session
ATTENTION: default value of option mesa_glthread overridden by environment.
JavaScript warning: https://client-api.arkoselabs.com/cdn/fc/js/b3931db6b9ae5c838421b3ac1f7a72e891a04a56/standard/funcaptcha_api.js, line 2: WEBGL_debug_renderer_info is deprecated in Firefox and will be removed. Please use RENDERER.
1646208059219	Marionette	INFO	Stopped listening on port 41521
JavaScript error: resource://gre/modules/UrlClassifierListManager.jsm, line 691: TypeError: this.tablesData[table] is undefined
console.warn: TopSitesFeed: Failed to fetch data from Contile server: NetworkError when attempting to fetch resource.

###!!! [Parent][PImageBridgeParent] Error: RunMessage(msgname=PImageBridge::Msg_WillClose) Channel closing: too late to send/recv, messages will be lost

JavaScript error: resource://gre/modules/AsyncShutdown.jsm, line 575: NotFoundError: No such JSWindowActor 'DevToolsFrame'
JavaScript error: resource://gre/modules/AsyncShutdown.jsm, line 575: NotFoundError: No such JSWindowActor 'DevToolsFrame'
1646208061563	Marionette	INFO	Stopped listening on port 34463

###!!! [Parent][PImageBridgeParent] Error: RunMessage(msgname=PImageBridge::Msg_WillClose) Channel closing: too late to send/recv, messages will be lost

JavaScript error: resource://gre/modules/AsyncShutdown.jsm, line 575: NotFoundError: No such JSWindowActor 'DevToolsFrame'
JavaScript error: resource://gre/modules/AsyncShutdown.jsm, line 575: NotFoundError: No such JSWindowActor 'DevToolsFrame'
1646208063704	Marionette	INFO	Stopped listening on port 46181

###!!! [Parent][PImageBridgeParent] Error: RunMessage(msgname=PImageBridge::Msg_WillClose) Channel closing: too late to send/recv, messages will be lost

1646208064496	geckodriver	INFO	Listening on 127.0.0.1:36989
1646208064501	mozrunner::runner	INFO	Running command: "/usr/bin/firefox" "--marionette" "--remote-debugging-port" "56867" "-no-remote" "-profile" "/tmp/rust_mozprofileVM4twm"
ATTENTION: default value of option mesa_glthread overridden by environment.
ATTENTION: default value of option mesa_glthread overridden by environment.
ATTENTION: default value of option mesa_glthread overridden by environment.
ATTENTION: default value of option mesa_glthread overridden by environment.
1646208065269	Marionette	INFO	Marionette enabled
console.warn: SearchSettings: "get: No settings file exists, new profile?" (new NotFoundError("Could not open the file at /tmp/rust_mozprofileVM4twm/search.json.mozlz4", (void 0)))
DevTools listening on ws://localhost:56867/devtools/browser/50195634-a13f-409f-879e-f2980ae04d8a
1646208066441	Marionette	INFO	Listening on port 38191
1646208066528	RemoteAgent	WARN	TLS certificate errors will be ignored for this session
ATTENTION: default value of option mesa_glthread overridden by environment.
JavaScript warning: https://client-api.arkoselabs.com/cdn/fc/js/b3931db6b9ae5c838421b3ac1f7a72e891a04a56/standard/funcaptcha_api.js, line 2: WEBGL_debug_renderer_info is deprecated in Firefox and will be removed. Please use RENDERER.
1646208135719	geckodriver	INFO	Listening on 127.0.0.1:49849
1646208135723	mozrunner::runner	INFO	Running command: "/usr/bin/firefox" "--marionette" "--remote-debugging-port" "59451" "-no-remote" "-profile" "/tmp/rust_mozprofileXXAAD5"
ATTENTION: default value of option mesa_glthread overridden by environment.
ATTENTION: default value of option mesa_glthread overridden by environment.
ATTENTION: default value of option mesa_glthread overridden by environment.
ATTENTION: default value of option mesa_glthread overridden by environment.
1646208136504	Marionette	INFO	Marionette enabled
console.warn: SearchSettings: "get: No settings file exists, new profile?" (new NotFoundError("Could not open the file at /tmp/rust_mozprofileXXAAD5/search.json.mozlz4", (void 0)))
DevTools listening on ws://localhost:59451/devtools/browser/9be92018-1ba7-4afc-b934-7f66fd6ea3bc
1646208137806	Marionette	INFO	Listening on port 35941
1646208137856	RemoteAgent	WARN	TLS certificate errors will be ignored for this session
ATTENTION: default value of option mesa_glthread overridden by environment.
JavaScript warning: https://client-api.arkoselabs.com/cdn/fc/js/b3931db6b9ae5c838421b3ac1f7a72e891a04a56/standard/funcaptcha_api.js, line 2: WEBGL_debug_renderer_info is deprecated in Firefox and will be removed. Please use RENDERER.
1646208156690	Marionette	INFO	Stopped listening on port 35941
console.warn: TopSitesFeed: Failed to fetch data from Contile server: NetworkError when attempting to fetch resource.
1646208182987	geckodriver	INFO	Listening on 127.0.0.1:55887
1646208182993	mozrunner::runner	INFO	Running command: "/usr/bin/firefox" "--marionette" "--remote-debugging-port" "50015" "-no-remote" "-profile" "/tmp/rust_mozprofile5gBlSy"
ATTENTION: default value of option mesa_glthread overridden by environment.
ATTENTION: default value of option mesa_glthread overridden by environment.
ATTENTION: default value of option mesa_glthread overridden by environment.
ATTENTION: default value of option mesa_glthread overridden by environment.
1646208183747	Marionette	INFO	Marionette enabled
console.warn: SearchSettings: "get: No settings file exists, new profile?" (new NotFoundError("Could not open the file at /tmp/rust_mozprofile5gBlSy/search.json.mozlz4", (void 0)))
DevTools listening on ws://localhost:50015/devtools/browser/447b6e7b-ae56-4f25-b5b4-e3150a0f47f8
1646208184856	Marionette	INFO	Listening on port 45937
1646208184914	RemoteAgent	WARN	TLS certificate errors will be ignored for this session
ATTENTION: default value of option mesa_glthread overridden by environment.
JavaScript warning: https://client-api.arkoselabs.com/cdn/fc/js/b3931db6b9ae5c838421b3ac1f7a72e891a04a56/standard/funcaptcha_api.js, line 2: WEBGL_debug_renderer_info is deprecated in Firefox and will be removed. Please use RENDERER.
console.error: "Error while calling actor 'pagestyle's method 'getLayout'" "node is null"
console.error: (new TypeError("node is null", "resource://devtools/server/actors/page-style.js", 1001))
console.error: (new Error("Protocol error (TypeError): node is null from: server0.conn0.windowGlobal2147483650/pagestyle25 (resource://devtools/server/actors/page-style.js:1001:5)", "resource://devtools/shared/protocol/Front.js", 365))
console.error: (new TypeError("parent is null", "resource://devtools/client/inspector/shared/style-change-tracker.js", 67))
TypeError: parent is null: canMutationImpactCurrentStyles@resource://devtools/client/inspector/shared/style-change-tracker.js:67:24
onMutations@resource://devtools/client/inspector/shared/style-change-tracker.js:84:41
_emit@resource://devtools/shared/event-emitter.js:244:34
emit@resource://devtools/shared/event-emitter.js:190:18
emit@resource://devtools/shared/event-emitter.js:342:18
getMutations@resource://devtools/client/fronts/walker.js:311:10

ATTENTION: default value of option mesa_glthread overridden by environment.
mesa: for the --simplifycfg-sink-common option: may only occur zero or one times!
mesa: for the --global-isel-abort option: may only occur zero or one times!
mesa: for the --amdgpu-atomic-optimizations option: may only occur zero or one times!
JavaScript warning: https://client-api.arkoselabs.com/cdn/fc/js/b3931db6b9ae5c838421b3ac1f7a72e891a04a56/standard/funcaptcha_api.js, line 2: WEBGL_debug_renderer_info is deprecated in Firefox and will be removed. Please use RENDERER.
1646208261195	geckodriver	INFO	Listening on 127.0.0.1:44607
1646208261200	mozrunner::runner	INFO	Running command: "/usr/bin/firefox" "--marionette" "--remote-debugging-port" "52983" "-no-remote" "-profile" "/tmp/rust_mozprofileIolOR5"
ATTENTION: default value of option mesa_glthread overridden by environment.
ATTENTION: default value of option mesa_glthread overridden by environment.
ATTENTION: default value of option mesa_glthread overridden by environment.
ATTENTION: default value of option mesa_glthread overridden by environment.
1646208261963	Marionette	INFO	Marionette enabled
console.warn: SearchSettings: "get: No settings file exists, new profile?" (new NotFoundError("Could not open the file at /tmp/rust_mozprofileIolOR5/search.json.mozlz4", (void 0)))
DevTools listening on ws://localhost:52983/devtools/browser/3847d006-8b38-4060-b3d2-f5619121d347
1646208263055	Marionette	INFO	Listening on port 41101
1646208263125	RemoteAgent	WARN	TLS certificate errors will be ignored for this session
ATTENTION: default value of option mesa_glthread overridden by environment.
JavaScript warning: https://client-api.arkoselabs.com/cdn/fc/js/b3931db6b9ae5c838421b3ac1f7a72e891a04a56/standard/funcaptcha_api.js, line 2: WEBGL_debug_renderer_info is deprecated in Firefox and will be removed. Please use RENDERER.
1646208287043	Marionette	INFO	Stopped listening on port 41101
console.warn: TopSitesFeed: Failed to fetch data from Contile server: NetworkError when attempting to fetch resource.
console.warn: LoginRecipes: "getRecipes: falling back to a synchronous message for:" "https://tinder.com"
console.warn: LoginRecipes: "getRecipes: falling back to a synchronous message for:" "https://tinder.com"
1646208490021	geckodriver	INFO	Listening on 127.0.0.1:37171
1646208490029	mozrunner::runner	INFO	Running command: "/usr/bin/firefox" "--marionette" "--remote-debugging-port" "59117" "-no-remote" "-profile" "/tmp/rust_mozprofilejVWnAb"
ATTENTION: default value of option mesa_glthread overridden by environment.
ATTENTION: default value of option mesa_glthread overridden by environment.
ATTENTION: default value of option mesa_glthread overridden by environment.
ATTENTION: default value of option mesa_glthread overridden by environment.
1646208490791	Marionette	INFO	Marionette enabled
console.warn: SearchSettings: "get: No settings file exists, new profile?" (new NotFoundError("Could not open the file at /tmp/rust_mozprofilejVWnAb/search.json.mozlz4", (void 0)))
DevTools listening on ws://localhost:59117/devtools/browser/b1b12bd6-188a-47b5-b246-761395fc46fd
1646208491844	Marionette	INFO	Listening on port 46703
1646208491953	RemoteAgent	WARN	TLS certificate errors will be ignored for this session
ATTENTION: default value of option mesa_glthread overridden by environment.
JavaScript warning: https://client-api.arkoselabs.com/cdn/fc/js/b3931db6b9ae5c838421b3ac1f7a72e891a04a56/standard/funcaptcha_api.js, line 2: WEBGL_debug_renderer_info is deprecated in Firefox and will be removed. Please use RENDERER.
console.warn: LoginRecipes: "getRecipes: falling back to a synchronous message for:" "https://tinder.com"
1646208608212	geckodriver	INFO	Listening on 127.0.0.1:48511
1646208608216	mozrunner::runner	INFO	Running command: "/usr/bin/firefox" "--marionette" "--remote-debugging-port" "37439" "-no-remote" "-profile" "/tmp/rust_mozprofileJz4GUM"
ATTENTION: default value of option mesa_glthread overridden by environment.
ATTENTION: default value of option mesa_glthread overridden by environment.
ATTENTION: default value of option mesa_glthread overridden by environment.
ATTENTION: default value of option mesa_glthread overridden by environment.
1646208608971	Marionette	INFO	Marionette enabled
console.warn: SearchSettings: "get: No settings file exists, new profile?" (new NotFoundError("Could not open the file at /tmp/rust_mozprofileJz4GUM/search.json.mozlz4", (void 0)))
DevTools listening on ws://localhost:37439/devtools/browser/f5426a57-3c03-4b45-9f88-a21266fc89c2
1646208610184	Marionette	INFO	Listening on port 36053
1646208610244	RemoteAgent	WARN	TLS certificate errors will be ignored for this session
ATTENTION: default value of option mesa_glthread overridden by environment.
JavaScript warning: https://client-api.arkoselabs.com/cdn/fc/js/b3931db6b9ae5c838421b3ac1f7a72e891a04a56/standard/funcaptcha_api.js, line 2: WEBGL_debug_renderer_info is deprecated in Firefox and will be removed. Please use RENDERER.
1646208664714	Marionette	INFO	Stopped listening on port 36053
console.warn: TopSitesFeed: Failed to fetch data from Contile server: NetworkError when attempting to fetch resource.
JavaScript error: resource://gre/modules/AsyncShutdown.jsm, line 575: NotFoundError: No such JSWindowActor 'DevToolsFrame'
JavaScript error: resource://gre/modules/AsyncShutdown.jsm, line 575: NotFoundError: No such JSWindowActor 'DevToolsFrame'
1646208666565	Marionette	INFO	Stopped listening on port 46703

###!!! [Parent][PImageBridgeParent] Error: RunMessage(msgname=PImageBridge::Msg_WillClose) Channel closing: too late to send/recv, messages will be lost

JavaScript error: resource://gre/modules/AsyncShutdown.jsm, line 575: NotFoundError: No such JSWindowActor 'DevToolsFrame'
JavaScript error: resource://gre/modules/AsyncShutdown.jsm, line 575: NotFoundError: No such JSWindowActor 'DevToolsFrame'
1646208668328	Marionette	INFO	Stopped listening on port 45937

###!!! [Parent][PImageBridgeParent] Error: RunMessage(msgname=PImageBridge::Msg_WillClose) Channel closing: too late to send/recv, messages will be lost

JavaScript error: resource://gre/modules/AsyncShutdown.jsm, line 575: NotFoundError: No such JSWindowActor 'DevToolsFrame'
JavaScript error: resource://gre/modules/AsyncShutdown.jsm, line 575: NotFoundError: No such JSWindowActor 'DevToolsFrame'
1646208670254	Marionette	INFO	Stopped listening on port 38191

###!!! [Parent][PImageBridgeParent] Error: RunMessage(msgname=PImageBridge::Msg_WillClose) Channel closing: too late to send/recv, messages will be lost

