1646380312432	geckodriver	INFO	Listening on 127.0.0.1:56023
1646380312938	mozrunner::runner	INFO	Running command: "/usr/bin/firefox" "--marionette" "--remote-debugging-port" "57323" "-no-remote" "-profile" "/tmp/rust_mozprofilefdFhE4"
ATTENTION: default value of option mesa_glthread overridden by environment.
ATTENTION: default value of option mesa_glthread overridden by environment.
ATTENTION: default value of option mesa_glthread overridden by environment.
ATTENTION: default value of option mesa_glthread overridden by environment.
1646380313691	Marionette	INFO	Marionette enabled
console.warn: SearchSettings: "get: No settings file exists, new profile?" (new NotFoundError("Could not open the file at /tmp/rust_mozprofilefdFhE4/search.json.mozlz4", (void 0)))
DevTools listening on ws://localhost:57323/devtools/browser/a8dc13e0-579d-4e5e-b54c-12aca5cd8325
1646380314959	Marionette	INFO	Listening on port 37861
1646380315083	RemoteAgent	WARN	TLS certificate errors will be ignored for this session
ATTENTION: default value of option mesa_glthread overridden by environment.
JavaScript warning: https://pagead2.googlesyndication.com/bg/xt8fZ__SaXi8rLOjRFpxOtLjv0mS66MIGtFrZKZOLkM.js line 1 > eval line 5771 > eval line 1 > eval line 1 > eval, line 1: WEBGL_debug_renderer_info is deprecated in Firefox and will be removed. Please use RENDERER.
JavaScript warning: https://pagead2.googlesyndication.com/bg/xt8fZ__SaXi8rLOjRFpxOtLjv0mS66MIGtFrZKZOLkM.js line 1 > eval line 6012 > eval line 1 > eval line 1 > eval, line 1: WEBGL_debug_renderer_info is deprecated in Firefox and will be removed. Please use RENDERER.
Exiting due to channel error.
Exiting due to channel error.
Exiting due to channel error.
1646380358909	geckodriver	INFO	Listening on 127.0.0.1:59211
1646380358914	mozrunner::runner	INFO	Running command: "/usr/bin/firefox" "--marionette" "--remote-debugging-port" "49565" "-no-remote" "-profile" "/tmp/rust_mozprofile4rDnrN"
ATTENTION: default value of option mesa_glthread overridden by environment.
ATTENTION: default value of option mesa_glthread overridden by environment.
ATTENTION: default value of option mesa_glthread overridden by environment.
ATTENTION: default value of option mesa_glthread overridden by environment.
1646380359685	Marionette	INFO	Marionette enabled
console.warn: SearchSettings: "get: No settings file exists, new profile?" (new NotFoundError("Could not open the file at /tmp/rust_mozprofile4rDnrN/search.json.mozlz4", (void 0)))
DevTools listening on ws://localhost:49565/devtools/browser/4b08fe43-5700-4d01-ac03-7fc78b8d5a3b
1646380360901	Marionette	INFO	Listening on port 44183
1646380360932	RemoteAgent	WARN	TLS certificate errors will be ignored for this session
console.warn: LoginRecipes: "getRecipes: falling back to a synchronous message for:" "https://docs.google.com"
1646380403981	Marionette	INFO	Stopped listening on port 44183
console.warn: TopSitesFeed: Failed to fetch data from Contile server: NetworkError when attempting to fetch resource.

###!!! [Parent][PImageBridgeParent] Error: RunMessage(msgname=PImageBridge::Msg_WillClose) Channel closing: too late to send/recv, messages will be lost

1646380439197	geckodriver	INFO	Listening on 127.0.0.1:42103
1646380439202	mozrunner::runner	INFO	Running command: "/usr/bin/firefox" "--marionette" "--remote-debugging-port" "37087" "-no-remote" "-profile" "/tmp/rust_mozprofile0RwzIL"
ATTENTION: default value of option mesa_glthread overridden by environment.
ATTENTION: default value of option mesa_glthread overridden by environment.
ATTENTION: default value of option mesa_glthread overridden by environment.
ATTENTION: default value of option mesa_glthread overridden by environment.
1646380439961	Marionette	INFO	Marionette enabled
console.warn: SearchSettings: "get: No settings file exists, new profile?" (new NotFoundError("Could not open the file at /tmp/rust_mozprofile0RwzIL/search.json.mozlz4", (void 0)))
DevTools listening on ws://localhost:37087/devtools/browser/ab9291f9-3484-4e29-93b1-c55c94c794d0
1646380441107	Marionette	INFO	Listening on port 41359
1646380441229	RemoteAgent	WARN	TLS certificate errors will be ignored for this session
console.warn: LoginRecipes: "getRecipes: falling back to a synchronous message for:" "https://docs.google.com"
console.warn: LoginRecipes: "getRecipes: falling back to a synchronous message for:" "https://docs.google.com"
console.warn: LoginRecipes: "getRecipes: falling back to a synchronous message for:" "https://docs.google.com"
console.warn: LoginRecipes: "getRecipes: falling back to a synchronous message for:" "https://docs.google.com"
1646381164677	geckodriver	INFO	Listening on 127.0.0.1:36035
1646381164682	mozrunner::runner	INFO	Running command: "/usr/bin/firefox" "--marionette" "--remote-debugging-port" "48383" "-no-remote" "-profile" "/tmp/rust_mozprofileUopAI4"
ATTENTION: default value of option mesa_glthread overridden by environment.
ATTENTION: default value of option mesa_glthread overridden by environment.
ATTENTION: default value of option mesa_glthread overridden by environment.
ATTENTION: default value of option mesa_glthread overridden by environment.
1646381165458	Marionette	INFO	Marionette enabled
console.warn: SearchSettings: "get: No settings file exists, new profile?" (new NotFoundError("Could not open the file at /tmp/rust_mozprofileUopAI4/search.json.mozlz4", (void 0)))
DevTools listening on ws://localhost:48383/devtools/browser/17f53566-abfd-4063-8875-a9770171cb7c
1646381166784	Marionette	INFO	Listening on port 44269
1646381166818	RemoteAgent	WARN	TLS certificate errors will be ignored for this session
1646381187314	Marionette	INFO	Stopped listening on port 44269
console.warn: TopSitesFeed: Failed to fetch data from Contile server: NetworkError when attempting to fetch resource.
JavaScript error: chrome://remote/content/marionette/cert.js, line 55: NS_ERROR_NOT_AVAILABLE: Component returned failure code: 0x80040111 (NS_ERROR_NOT_AVAILABLE) [nsICertOverrideService.setDisableAllSecurityChecksAndLetAttackersInterceptMyData]

###!!! [Parent][PImageBridgeParent] Error: RunMessage(msgname=PImageBridge::Msg_WillClose) Channel closing: too late to send/recv, messages will be lost

console.warn: LoginRecipes: "getRecipes: falling back to a synchronous message for:" "https://docs.google.com"
console.error: (new TypeError("currentNode is null", "resource://devtools/client/inspector/shared/style-change-tracker.js", 66))
TypeError: currentNode is null: canMutationImpactCurrentStyles@resource://devtools/client/inspector/shared/style-change-tracker.js:66:20
onMutations@resource://devtools/client/inspector/shared/style-change-tracker.js:84:41
_emit@resource://devtools/shared/event-emitter.js:244:34
emit@resource://devtools/shared/event-emitter.js:190:18
emit@resource://devtools/shared/event-emitter.js:342:18
getMutations@resource://devtools/client/fronts/walker.js:311:10

console.error: (new TypeError("currentNode is null", "resource://devtools/client/inspector/shared/style-change-tracker.js", 66))
TypeError: currentNode is null: canMutationImpactCurrentStyles@resource://devtools/client/inspector/shared/style-change-tracker.js:66:20
onMutations@resource://devtools/client/inspector/shared/style-change-tracker.js:84:41
_emit@resource://devtools/shared/event-emitter.js:244:34
emit@resource://devtools/shared/event-emitter.js:190:18
emit@resource://devtools/shared/event-emitter.js:342:18
getMutations@resource://devtools/client/fronts/walker.js:311:10

console.error: (new InvalidStateError("JSWindowActorChild.sendAsyncMessage: JSWindowActorChild cannot send at the moment", (void 0), 327))
InvalidStateError: JSWindowActorChild.sendAsyncMessage: JSWindowActorChild cannot send at the moment: _createTargetActor/<@resource://devtools/server/connectors/js-window-actor/DevToolsFrameChild.jsm:327:12
newListener@resource://devtools/shared/event-emitter.js:173:27
_emit@resource://devtools/shared/event-emitter.js:244:34
emit@resource://devtools/shared/event-emitter.js:190:18
emit@resource://devtools/shared/event-emitter.js:342:18
destroy@resource://devtools/server/actors/targets/window-global.js:743:10
module.exports/proto.destroy@resource://devtools/server/actors/targets/target-actor-mixin.js:244:30
instantiate@resource://devtools/server/connectors/js-window-actor/DevToolsFrameChild.jsm:242:26
handleEvent@resource://devtools/server/connectors/js-window-actor/DevToolsFrameChild.jsm:651:12

1646381282465	geckodriver	INFO	Listening on 127.0.0.1:55643
1646381282471	mozrunner::runner	INFO	Running command: "/usr/bin/firefox" "--marionette" "--remote-debugging-port" "32987" "-no-remote" "-profile" "/tmp/rust_mozprofileVUKaIB"
ATTENTION: default value of option mesa_glthread overridden by environment.
ATTENTION: default value of option mesa_glthread overridden by environment.
ATTENTION: default value of option mesa_glthread overridden by environment.
ATTENTION: default value of option mesa_glthread overridden by environment.
1646381283228	Marionette	INFO	Marionette enabled
console.warn: SearchSettings: "get: No settings file exists, new profile?" (new NotFoundError("Could not open the file at /tmp/rust_mozprofileVUKaIB/search.json.mozlz4", (void 0)))
DevTools listening on ws://localhost:32987/devtools/browser/31ffc045-5856-4437-a151-80958319832e
1646381284595	Marionette	INFO	Listening on port 34053
1646381284713	RemoteAgent	WARN	TLS certificate errors will be ignored for this session
1646381353002	geckodriver	INFO	Listening on 127.0.0.1:34309
1646381353008	mozrunner::runner	INFO	Running command: "/usr/bin/firefox" "--marionette" "--remote-debugging-port" "48447" "-no-remote" "-profile" "/tmp/rust_mozprofile5gtCXU"
ATTENTION: default value of option mesa_glthread overridden by environment.
ATTENTION: default value of option mesa_glthread overridden by environment.
ATTENTION: default value of option mesa_glthread overridden by environment.
ATTENTION: default value of option mesa_glthread overridden by environment.
1646381353790	Marionette	INFO	Marionette enabled
console.warn: SearchSettings: "get: No settings file exists, new profile?" (new NotFoundError("Could not open the file at /tmp/rust_mozprofile5gtCXU/search.json.mozlz4", (void 0)))
DevTools listening on ws://localhost:48447/devtools/browser/31003510-3f71-439a-9082-23428297a9be
1646381355085	Marionette	INFO	Listening on port 37685
1646381355131	RemoteAgent	WARN	TLS certificate errors will be ignored for this session
console.warn: LoginRecipes: "getRecipes: falling back to a synchronous message for:" "https://docs.google.com"
console.warn: LoginRecipes: "getRecipes: falling back to a synchronous message for:" "https://docs.google.com"
console.warn: LoginRecipes: "getRecipes: falling back to a synchronous message for:" "https://docs.google.com"
console.warn: LoginRecipes: "getRecipes: falling back to a synchronous message for:" "https://docs.google.com"
console.warn: LoginRecipes: "getRecipes: falling back to a synchronous message for:" "https://docs.google.com"
console.warn: LoginRecipes: "getRecipes: falling back to a synchronous message for:" "https://docs.google.com"
console.warn: LoginRecipes: "getRecipes: falling back to a synchronous message for:" "https://docs.google.com"
console.warn: LoginRecipes: "getRecipes: falling back to a synchronous message for:" "https://docs.google.com"
console.warn: LoginRecipes: "getRecipes: falling back to a synchronous message for:" "https://docs.google.com"
1646381420586	Marionette	INFO	Stopped listening on port 37685
console.warn: TopSitesFeed: Failed to fetch data from Contile server: NetworkError when attempting to fetch resource.

###!!! [Parent][PImageBridgeParent] Error: RunMessage(msgname=PImageBridge::Msg_WillClose) Channel closing: too late to send/recv, messages will be lost

1646381431351	Marionette	INFO	Stopped listening on port 34053
console.warn: TopSitesFeed: Failed to fetch data from Contile server: NetworkError when attempting to fetch resource.
JavaScript error: resource://gre/modules/AsyncShutdown.jsm, line 575: NotFoundError: No such JSWindowActor 'DevToolsFrame'
1646381467298	Marionette	INFO	Stopped listening on port 41359
console.warn: TopSitesFeed: Failed to fetch data from Contile server: NetworkError when attempting to fetch resource.

###!!! [Parent][PImageBridgeParent] Error: RunMessage(msgname=PImageBridge::Msg_WillClose) Channel closing: too late to send/recv, messages will be lost

1646381819324	geckodriver	INFO	Listening on 127.0.0.1:40147
1646381819329	mozrunner::runner	INFO	Running command: "/usr/bin/firefox" "--marionette" "--remote-debugging-port" "34569" "-no-remote" "-profile" "/tmp/rust_mozprofileXnrGSF"
ATTENTION: default value of option mesa_glthread overridden by environment.
ATTENTION: default value of option mesa_glthread overridden by environment.
ATTENTION: default value of option mesa_glthread overridden by environment.
ATTENTION: default value of option mesa_glthread overridden by environment.
1646381820088	Marionette	INFO	Marionette enabled
console.warn: SearchSettings: "get: No settings file exists, new profile?" (new NotFoundError("Could not open the file at /tmp/rust_mozprofileXnrGSF/search.json.mozlz4", (void 0)))
DevTools listening on ws://localhost:34569/devtools/browser/ccabe32b-c22d-430d-8e89-cec912416cbc
1646381821402	Marionette	INFO	Listening on port 46603
1646381821463	RemoteAgent	WARN	TLS certificate errors will be ignored for this session
console.warn: LoginRecipes: "getRecipes: falling back to a synchronous message for:" "https://docs.google.com"
console.warn: LoginRecipes: "getRecipes: falling back to a synchronous message for:" "https://docs.google.com"
console.warn: LoginRecipes: "getRecipes: falling back to a synchronous message for:" "https://docs.google.com"
console.warn: LoginRecipes: "getRecipes: falling back to a synchronous message for:" "https://docs.google.com"
console.warn: LoginRecipes: "getRecipes: falling back to a synchronous message for:" "https://docs.google.com"
console.warn: LoginRecipes: "getRecipes: falling back to a synchronous message for:" "https://docs.google.com"
console.warn: LoginRecipes: "getRecipes: falling back to a synchronous message for:" "https://docs.google.com"
console.warn: LoginRecipes: "getRecipes: falling back to a synchronous message for:" "https://docs.google.com"
console.warn: LoginRecipes: "getRecipes: falling back to a synchronous message for:" "https://docs.google.com"
1646381879215	Marionette	INFO	Stopped listening on port 46603
console.warn: TopSitesFeed: Failed to fetch data from Contile server: NetworkError when attempting to fetch resource.

###!!! [Parent][PImageBridgeParent] Error: RunMessage(msgname=PImageBridge::Msg_WillClose) Channel closing: too late to send/recv, messages will be lost

1646381918043	geckodriver	INFO	Listening on 127.0.0.1:56363
1646381918048	mozrunner::runner	INFO	Running command: "/usr/bin/firefox" "--marionette" "--remote-debugging-port" "43431" "-no-remote" "-profile" "/tmp/rust_mozprofileAA52JJ"
ATTENTION: default value of option mesa_glthread overridden by environment.
ATTENTION: default value of option mesa_glthread overridden by environment.
ATTENTION: default value of option mesa_glthread overridden by environment.
ATTENTION: default value of option mesa_glthread overridden by environment.
1646381918808	Marionette	INFO	Marionette enabled
console.warn: SearchSettings: "get: No settings file exists, new profile?" (new NotFoundError("Could not open the file at /tmp/rust_mozprofileAA52JJ/search.json.mozlz4", (void 0)))
DevTools listening on ws://localhost:43431/devtools/browser/7679c080-2d79-42d5-9cb3-037361269146
1646381920212	Marionette	INFO	Listening on port 37061
1646381920272	RemoteAgent	WARN	TLS certificate errors will be ignored for this session
1646381926763	Marionette	INFO	Stopped listening on port 37061
console.warn: TopSitesFeed: Failed to fetch data from Contile server: NetworkError when attempting to fetch resource.
JavaScript error: chrome://remote/content/marionette/cert.js, line 55: NS_ERROR_NOT_AVAILABLE: Component returned failure code: 0x80040111 (NS_ERROR_NOT_AVAILABLE) [nsICertOverrideService.setDisableAllSecurityChecksAndLetAttackersInterceptMyData]

###!!! [Parent][PImageBridgeParent] Error: RunMessage(msgname=PImageBridge::Msg_WillClose) Channel closing: too late to send/recv, messages will be lost

1646381929776	geckodriver::marionette	ERROR	Failed to close browser connection: Socket not connected (os error 107)
1646381954806	geckodriver	INFO	Listening on 127.0.0.1:44529
1646381954811	mozrunner::runner	INFO	Running command: "/usr/bin/firefox" "--marionette" "--remote-debugging-port" "45971" "-no-remote" "-profile" "/tmp/rust_mozprofilef8EiO0"
ATTENTION: default value of option mesa_glthread overridden by environment.
ATTENTION: default value of option mesa_glthread overridden by environment.
ATTENTION: default value of option mesa_glthread overridden by environment.
ATTENTION: default value of option mesa_glthread overridden by environment.
1646381955577	Marionette	INFO	Marionette enabled
console.warn: SearchSettings: "get: No settings file exists, new profile?" (new NotFoundError("Could not open the file at /tmp/rust_mozprofilef8EiO0/search.json.mozlz4", (void 0)))
DevTools listening on ws://localhost:45971/devtools/browser/0c05c1ea-e408-4d68-9789-0cdd974ff18f
1646381956717	Marionette	INFO	Listening on port 42097
1646381956837	RemoteAgent	WARN	TLS certificate errors will be ignored for this session
1646381966076	geckodriver	INFO	Listening on 127.0.0.1:58093
1646381966081	mozrunner::runner	INFO	Running command: "/usr/bin/firefox" "--marionette" "--remote-debugging-port" "51953" "-no-remote" "-profile" "/tmp/rust_mozprofileuB4T9h"
ATTENTION: default value of option mesa_glthread overridden by environment.
ATTENTION: default value of option mesa_glthread overridden by environment.
ATTENTION: default value of option mesa_glthread overridden by environment.
ATTENTION: default value of option mesa_glthread overridden by environment.
1646381966868	Marionette	INFO	Marionette enabled
console.warn: SearchSettings: "get: No settings file exists, new profile?" (new NotFoundError("Could not open the file at /tmp/rust_mozprofileuB4T9h/search.json.mozlz4", (void 0)))
DevTools listening on ws://localhost:51953/devtools/browser/10e7ce1a-d935-4740-b90a-5b77a0eb400d
1646381968107	Marionette	INFO	Listening on port 41789
1646381968219	RemoteAgent	WARN	TLS certificate errors will be ignored for this session
1646381983943	Marionette	INFO	Stopped listening on port 41789
console.warn: TopSitesFeed: Failed to fetch data from Contile server: NetworkError when attempting to fetch resource.
1646381984618	Marionette	INFO	Stopped listening on port 42097
console.warn: TopSitesFeed: Failed to fetch data from Contile server: NetworkError when attempting to fetch resource.
1646382105136	geckodriver	INFO	Listening on 127.0.0.1:53387
1646382105141	mozrunner::runner	INFO	Running command: "/usr/bin/firefox" "--marionette" "--remote-debugging-port" "33065" "-no-remote" "-profile" "/tmp/rust_mozprofileRAaul3"
ATTENTION: default value of option mesa_glthread overridden by environment.
ATTENTION: default value of option mesa_glthread overridden by environment.
ATTENTION: default value of option mesa_glthread overridden by environment.
ATTENTION: default value of option mesa_glthread overridden by environment.
1646382105909	Marionette	INFO	Marionette enabled
console.warn: SearchSettings: "get: No settings file exists, new profile?" (new NotFoundError("Could not open the file at /tmp/rust_mozprofileRAaul3/search.json.mozlz4", (void 0)))
DevTools listening on ws://localhost:33065/devtools/browser/5e3e1a5a-7b69-4ef0-9dda-a8672e37d642
1646382107212	Marionette	INFO	Listening on port 37763
1646382107267	RemoteAgent	WARN	TLS certificate errors will be ignored for this session
1646382128579	Marionette	INFO	Stopped listening on port 37763
console.warn: TopSitesFeed: Failed to fetch data from Contile server: NetworkError when attempting to fetch resource.
1646382274923	geckodriver	INFO	Listening on 127.0.0.1:34521
1646382274928	mozrunner::runner	INFO	Running command: "/usr/bin/firefox" "--marionette" "--remote-debugging-port" "36845" "-no-remote" "-profile" "/tmp/rust_mozprofilekRahcJ"
ATTENTION: default value of option mesa_glthread overridden by environment.
ATTENTION: default value of option mesa_glthread overridden by environment.
ATTENTION: default value of option mesa_glthread overridden by environment.
ATTENTION: default value of option mesa_glthread overridden by environment.
1646382275708	Marionette	INFO	Marionette enabled
console.warn: SearchSettings: "get: No settings file exists, new profile?" (new NotFoundError("Could not open the file at /tmp/rust_mozprofilekRahcJ/search.json.mozlz4", (void 0)))
DevTools listening on ws://localhost:36845/devtools/browser/e161a070-df55-4295-8c77-ad99d8b6256b
1646382277156	Marionette	INFO	Listening on port 34477
1646382277256	RemoteAgent	WARN	TLS certificate errors will be ignored for this session
console.warn: LoginRecipes: "getRecipes: falling back to a synchronous message for:" "https://accounts.google.com"
console.warn: LoginRecipes: "getRecipes: falling back to a synchronous message for:" "https://accounts.google.com"
ATTENTION: default value of option mesa_glthread overridden by environment.
JavaScript warning: https://accounts.google.com/ServiceLogin?service=wise&passive=1209600&continue=https://docs.google.com/forms/d/19qyUpskYpf9Kv4sIyMuoGj69pam85nI3lrPE53MxQyE/edit?no_redirect%3Dtrue%26usp%3Dredirect_edit_m2%26skip_itp2_check%3Dtrue&followup=https://docs.google.com/forms/d/19qyUpskYpf9Kv4sIyMuoGj69pam85nI3lrPE53MxQyE/edit?no_redirect%3Dtrue%26usp%3Dredirect_edit_m2%26skip_itp2_check%3Dtrue&ltmpl=forms line 1 > eval line 6949 > eval line 1 > eval line 1 > eval, line 1: WEBGL_debug_renderer_info is deprecated in Firefox and will be removed. Please use RENDERER.
1646382353378	Marionette	INFO	Stopped listening on port 34477
console.warn: TopSitesFeed: Failed to fetch data from Contile server: NetworkError when attempting to fetch resource.

###!!! [Parent][PImageBridgeParent] Error: RunMessage(msgname=PImageBridge::Msg_WillClose) Channel closing: too late to send/recv, messages will be lost

